[32m[Nest] 14726  - [39m03/16/2026, 6:36:17 PM [32m    LOG[39m [38;5;3m[NestFactory] [39m[32mStarting Nest application...[39m
[32m[Nest] 14726  - [39m03/16/2026, 6:36:17 PM [32m    LOG[39m [38;5;3m[InstanceLoader] [39m[32mTypeOrmModule dependencies initialized[39m[38;5;3m +26ms[39m
[32m[Nest] 14726  - [39m03/16/2026, 6:36:17 PM [32m    LOG[39m [38;5;3m[InstanceLoader] [39m[32mClientsModule dependencies initialized[39m[38;5;3m +0ms[39m
[32m[Nest] 14726  - [39m03/16/2026, 6:36:17 PM [32m    LOG[39m [38;5;3m[InstanceLoader] [39m[32mConfigHostModule dependencies initialized[39m[38;5;3m +1ms[39m
[32m[Nest] 14726  - [39m03/16/2026, 6:36:17 PM [32m    LOG[39m [38;5;3m[InstanceLoader] [39m[32mHttpModule dependencies initialized[39m[38;5;3m +0ms[39m
[32m[Nest] 14726  - [39m03/16/2026, 6:36:17 PM [32m    LOG[39m [38;5;3m[InstanceLoader] [39m[32mConfigModule dependencies initialized[39m[38;5;3m +0ms[39m
[32m[Nest] 14726  - [39m03/16/2026, 6:36:17 PM [32m    LOG[39m [38;5;3m[InstanceLoader] [39m[32mAppModule dependencies initialized[39m[38;5;3m +0ms[39m
[32m[Nest] 14726  - [39m03/16/2026, 6:36:17 PM [32m    LOG[39m [38;5;3m[InstanceLoader] [39m[32mTypeOrmCoreModule dependencies initialized[39m[38;5;3m +22ms[39m
[32m[Nest] 14726  - [39m03/16/2026, 6:36:17 PM [32m    LOG[39m [38;5;3m[RoutesResolver] [39m[32mAppController {/api}:[39m[38;5;3m +3ms[39m
[32m[Nest] 14726  - [39m03/16/2026, 6:36:17 PM [32m    LOG[39m [38;5;3m[RouterExplorer] [39m[32mMapped {/api, GET} route[39m[38;5;3m +1ms[39m
[32m[Nest] 14726  - [39m03/16/2026, 6:36:17 PM [32m    LOG[39m [38;5;3m[RouterExplorer] [39m[32mMapped {/api/demo-data, GET} route[39m[38;5;3m +1ms[39m
[32m[Nest] 14726  - [39m03/16/2026, 6:36:17 PM [32m    LOG[39m [38;5;3m[RouterExplorer] [39m[32mMapped {/api/periods-config, GET} route[39m[38;5;3m +0ms[39m
[32m[Nest] 14726  - [39m03/16/2026, 6:36:17 PM [32m    LOG[39m [38;5;3m[RouterExplorer] [39m[32mMapped {/api/periods-config, POST} route[39m[38;5;3m +0ms[39m
[32m[Nest] 14726  - [39m03/16/2026, 6:36:17 PM [32m    LOG[39m [38;5;3m[RouterExplorer] [39m[32mMapped {/api/curriculum/calendar-summary, GET} route[39m[38;5;3m +0ms[39m
[32m[Nest] 14726  - [39m03/16/2026, 6:36:17 PM [32m    LOG[39m [38;5;3m[RouterExplorer] [39m[32mMapped {/api/curriculum/daily-drilldown, GET} route[39m[38;5;3m +0ms[39m
[32m[Nest] 14726  - [39m03/16/2026, 6:36:17 PM [32m    LOG[39m [38;5;3m[RouterExplorer] [39m[32mMapped {/api/curriculum/generate-lesson-plan, POST} route[39m[38;5;3m +0ms[39m
[32m[Nest] 14726  - [39m03/16/2026, 6:36:17 PM [32m    LOG[39m [38;5;3m[RoutesResolver] [39m[32mHealthController {/api/health}:[39m[38;5;3m +0ms[39m
[32m[Nest] 14726  - [39m03/16/2026, 6:36:17 PM [32m    LOG[39m [38;5;3m[RouterExplorer] [39m[32mMapped {/api/health, GET} route[39m[38;5;3m +0ms[39m
[32m[Nest] 14726  - [39m03/16/2026, 6:36:17 PM [32m    LOG[39m [38;5;3m[RouterExplorer] [39m[32mMapped {/api/health/services, GET} route[39m[38;5;3m +0ms[39m
[32m[Nest] 14726  - [39m03/16/2026, 6:36:17 PM [32m    LOG[39m [38;5;3m[NestApplication] [39m[32mNest application successfully started[39m[38;5;3m +1ms[39m
API Gateway running on port 3000
(node:14726) MaxListenersExceededWarning: Possible EventEmitter memory leak detected. 11 close listeners added to [Server]. MaxListeners is 10. Use emitter.setMaxListeners() to increase limit
(Use `node --trace-warnings ...` to show where the warning was created)
(node:14726) [DEP0060] DeprecationWarning: The `util._extend` API is deprecated. Please use Object.assign() instead.
